<?xml version="1.0" encoding="UTF-8"?>
<testng-results ignored="0" total="1" passed="1" failed="0" skipped="0">
  <reporter-output>
  </reporter-output>
  <suite started-at="2025-08-20T14:07:13 IST" name="Default suite" finished-at="2025-08-20T14:07:34 IST" duration-ms="21538">
    <groups>
    </groups>
    <test started-at="2025-08-20T14:07:13 IST" name="Default test" finished-at="2025-08-20T14:07:34 IST" duration-ms="21538">
      <class name="tests.LoginPageTestcases">
        <test-method is-config="true" signature="setUp()[pri:0, instance:tests.LoginPageTestcases@3a6f2de3]" started-at="2025-08-20T14:07:13 IST" name="setUp" finished-at="2025-08-20T14:07:32 IST" duration-ms="18740" status="PASS">
          <reporter-output>
          </reporter-output>
        </test-method> <!-- setUp -->
        <test-method signature="tc001()[pri:0, instance:tests.LoginPageTestcases@3a6f2de3]" started-at="2025-08-20T14:07:32 IST" name="tc001" finished-at="2025-08-20T14:07:34 IST" duration-ms="2479" status="PASS">
          <reporter-output>
          </reporter-output>
        </test-method> <!-- tc001 -->
        <test-method is-config="true" signature="tearDown()[pri:0, instance:tests.LoginPageTestcases@3a6f2de3]" started-at="2025-08-20T14:07:34 IST" name="tearDown" finished-at="2025-08-20T14:07:34 IST" duration-ms="281" status="PASS">
          <reporter-output>
          </reporter-output>
        </test-method> <!-- tearDown -->
      </class> <!-- tests.LoginPageTestcases -->
    </test> <!-- Default test -->
  </suite> <!-- Default suite -->
</testng-results>
